Determining if the pthread_create exist failed with the following output:
Change Dir: /home/robond/workspaces/build-my-world/build/CMakeFiles/CMakeTmp

Run Build Command:"/usr/bin/make" "cmTC_0c4fc/fast"
/usr/bin/make -f CMakeFiles/cmTC_0c4fc.dir/build.make CMakeFiles/cmTC_0c4fc.dir/build
make[1]: Entering directory '/home/robond/workspaces/build-my-world/build/CMakeFiles/CMakeTmp'
Building C object CMakeFiles/cmTC_0c4fc.dir/CheckSymbolExists.c.o
/usr/bin/cc     -o CMakeFiles/cmTC_0c4fc.dir/CheckSymbolExists.c.o   -c /home/robond/workspaces/build-my-world/build/CMakeFiles/CMakeTmp/CheckSymbolExists.c
Linking C executable cmTC_0c4fc
/usr/bin/cmake -E cmake_link_script CMakeFiles/cmTC_0c4fc.dir/link.txt --verbose=1
/usr/bin/cc       CMakeFiles/cmTC_0c4fc.dir/CheckSymbolExists.c.o  -o cmTC_0c4fc -rdynamic 
CMakeFiles/cmTC_0c4fc.dir/CheckSymbolExists.c.o: In function `main':
CheckSymbolExists.c:(.text+0x16): undefined reference to `pthread_create'
collect2: error: ld returned 1 exit status
CMakeFiles/cmTC_0c4fc.dir/build.make:97: recipe for target 'cmTC_0c4fc' failed
make[1]: *** [cmTC_0c4fc] Error 1
make[1]: Leaving directory '/home/robond/workspaces/build-my-world/build/CMakeFiles/CMakeTmp'
Makefile:126: recipe for target 'cmTC_0c4fc/fast' failed
make: *** [cmTC_0c4fc/fast] Error 2

File /home/robond/workspaces/build-my-world/build/CMakeFiles/CMakeTmp/CheckSymbolExists.c:
/* */
#include <pthread.h>

int main(int argc, char** argv)
{
  (void)argv;
#ifndef pthread_create
  return ((int*)(&pthread_create))[argc];
#else
  (void)argc;
  return 0;
#endif
}

Determining if the function pthread_create exists in the pthreads failed with the following output:
Change Dir: /home/robond/workspaces/build-my-world/build/CMakeFiles/CMakeTmp

Run Build Command:"/usr/bin/make" "cmTC_385c9/fast"
/usr/bin/make -f CMakeFiles/cmTC_385c9.dir/build.make CMakeFiles/cmTC_385c9.dir/build
make[1]: Entering directory '/home/robond/workspaces/build-my-world/build/CMakeFiles/CMakeTmp'
Building C object CMakeFiles/cmTC_385c9.dir/CheckFunctionExists.c.o
/usr/bin/cc    -DCHECK_FUNCTION_EXISTS=pthread_create   -o CMakeFiles/cmTC_385c9.dir/CheckFunctionExists.c.o   -c /usr/share/cmake-3.5/Modules/CheckFunctionExists.c
Linking C executable cmTC_385c9
/usr/bin/cmake -E cmake_link_script CMakeFiles/cmTC_385c9.dir/link.txt --verbose=1
/usr/bin/cc   -DCHECK_FUNCTION_EXISTS=pthread_create    CMakeFiles/cmTC_385c9.dir/CheckFunctionExists.c.o  -o cmTC_385c9 -rdynamic -lpthreads 
/usr/bin/ld: cannot find -lpthreads
collect2: error: ld returned 1 exit status
CMakeFiles/cmTC_385c9.dir/build.make:97: recipe for target 'cmTC_385c9' failed
make[1]: *** [cmTC_385c9] Error 1
make[1]: Leaving directory '/home/robond/workspaces/build-my-world/build/CMakeFiles/CMakeTmp'
Makefile:126: recipe for target 'cmTC_385c9/fast' failed
make: *** [cmTC_385c9/fast] Error 2


